INFO: Running with entropic power schedule (0xFF, 100).
INFO: Seed: 3176923756
INFO: Loaded 1 modules   (7 inline 8-bit counters): 7 [0x531ce0, 0x531ce7), 
INFO: Loaded 1 PC tables (7 PCs): 7 [0x4f6d80,0x4f6df0), 
MERGE-OUTER: 3 files, 0 in the initial corpus, 0 processed earlier
MERGE-OUTER: attempt 1
INFO: Running with entropic power schedule (0xFF, 100).
INFO: Seed: 3176939866
INFO: Loaded 1 modules   (7 inline 8-bit counters): 7 [0x531ce0, 0x531ce7), 
INFO: Loaded 1 PC tables (7 PCs): 7 [0x4f6d80,0x4f6df0), 
INFO: -max_len is not provided; libFuzzer will not generate inputs larger than 1048576 bytes
MERGE-INNER: using the control file '/tmp/libFuzzerTemp.Merge86.txt'
MERGE-INNER: 3 total files; 0 processed earlier; will process 3 files now
#1	pulse  cov: 2 ft: 2 exec/s: 0 rss: 27Mb
#2	pulse  cov: 4 ft: 4 exec/s: 0 rss: 27Mb
#3	DONE   cov: 5 ft: 5 exec/s: 0 rss: 27Mb
MERGE-OUTER: successful in 1 attempt(s)
MERGE-OUTER: the control file has 365 bytes
MERGE-OUTER: consumed 0Mb (27Mb rss) to parse the control file
MERGE-OUTER: 3 new files with 5 new features added; 5 new coverage edges
