INFO: Running with entropic power schedule (0xFF, 100).
INFO: Seed: 2936784335
INFO: Loaded 1 modules   (8 inline 8-bit counters): 8 [0x533de8, 0x533df0), 
INFO: Loaded 1 PC tables (8 PCs): 8 [0x4f8200,0x4f8280), 
MERGE-OUTER: 36 files, 0 in the initial corpus, 0 processed earlier
MERGE-OUTER: attempt 1
INFO: Running with entropic power schedule (0xFF, 100).
INFO: Seed: 2936798014
INFO: Loaded 1 modules   (8 inline 8-bit counters): 8 [0x533de8, 0x533df0), 
INFO: Loaded 1 PC tables (8 PCs): 8 [0x4f8200,0x4f8280), 
INFO: -max_len is not provided; libFuzzer will not generate inputs larger than 1048576 bytes
MERGE-INNER: using the control file '/tmp/libFuzzerTemp.Merge71.txt'
MERGE-INNER: 36 total files; 0 processed earlier; will process 36 files now
#1	pulse  cov: 2 ft: 2 exec/s: 0 rss: 27Mb
#2	pulse  cov: 4 ft: 4 exec/s: 0 rss: 27Mb
#4	pulse  cov: 4 ft: 4 exec/s: 0 rss: 27Mb
#8	pulse  cov: 4 ft: 4 exec/s: 0 rss: 27Mb
#16	pulse  cov: 4 ft: 4 exec/s: 0 rss: 27Mb
#32	pulse  cov: 5 ft: 5 exec/s: 0 rss: 27Mb
#36	DONE   cov: 5 ft: 5 exec/s: 0 rss: 27Mb
MERGE-OUTER: successful in 1 attempt(s)
MERGE-OUTER: the control file has 4142 bytes
MERGE-OUTER: consumed 0Mb (27Mb rss) to parse the control file
MERGE-OUTER: 3 new files with 5 new features added; 5 new coverage edges
